TN:
SF:src\app\hooks\useAudioPlayback.ts
FN:5,(anonymous_0)
FN:16,(anonymous_1)
FN:26,useAudioPlayback
FN:31,(anonymous_3)
FN:48,(anonymous_4)
FN:104,(anonymous_5)
FNF:6
FNH:6
FNDA:9,(anonymous_0)
FNDA:1,(anonymous_1)
FNDA:10,useAudioPlayback
FNDA:11,(anonymous_3)
FNDA:8,(anonymous_4)
FNDA:1,(anonymous_5)
DA:5,1
DA:6,9
DA:7,9
DA:8,9
DA:9,9
DA:10,106
DA:12,9
DA:16,1
DA:17,1
DA:18,1
DA:19,1
DA:20,1
DA:21,5
DA:23,1
DA:27,10
DA:28,10
DA:31,10
DA:32,11
DA:34,7
DA:36,7
DA:37,7
DA:40,11
DA:41,1
DA:43,11
DA:47,10
DA:49,8
DA:52,8
DA:53,1
DA:57,7
DA:58,7
DA:59,1
DA:62,6
DA:63,6
DA:65,6
DA:66,6
DA:67,6
DA:69,5
DA:72,5
DA:73,8
DA:77,8
DA:78,0
DA:81,0
DA:82,5
DA:83,0
DA:86,5
DA:87,5
DA:89,5
DA:90,5
DA:92,5
DA:93,5
DA:95,5
DA:96,5
DA:98,1
DA:104,10
DA:105,1
DA:108,10
LF:56
LH:53
BRDA:32,0,0,7
BRDA:32,0,1,4
BRDA:34,1,0,7
BRDA:34,1,1,0
BRDA:36,2,0,7
BRDA:36,2,1,0
BRDA:40,3,0,1
BRDA:40,3,1,10
BRDA:40,4,0,11
BRDA:40,4,1,11
BRDA:52,5,0,1
BRDA:52,5,1,7
BRDA:52,6,0,8
BRDA:52,6,1,2
BRDA:58,7,0,1
BRDA:58,7,1,6
BRDA:58,8,0,7
BRDA:58,8,1,1
BRDA:58,8,2,1
BRDA:63,9,0,0
BRDA:63,9,1,6
BRDA:72,10,0,5
BRDA:72,10,1,0
BRDA:77,11,0,0
BRDA:77,11,1,5
BRDA:82,12,0,0
BRDA:82,12,1,5
BRF:27
BRH:21
end_of_record
TN:
SF:src\app\hooks\useVAD.ts
FN:4,useVAD
FN:10,(anonymous_1)
FN:31,(anonymous_2)
FN:72,(anonymous_3)
FNF:4
FNH:4
FNDA:8,useVAD
FNDA:7,(anonymous_1)
FNDA:12,(anonymous_2)
FNDA:4,(anonymous_3)
DA:5,8
DA:6,8
DA:7,8
DA:9,8
DA:11,7
DA:13,7
DA:15,7
DA:17,6
DA:18,6
DA:19,6
DA:20,6
DA:21,6
DA:23,6
DA:24,6
DA:26,6
DA:27,6
DA:29,6
DA:31,6
DA:32,12
DA:34,12
DA:36,12
DA:37,12
DA:38,6144
DA:40,12
DA:43,12
DA:44,12
DA:46,12
DA:47,9
DA:48,2
DA:49,7
DA:50,2
DA:51,2
DA:52,2
DA:56,3
DA:57,3
DA:58,1
DA:59,1
DA:64,6
DA:66,0
DA:72,8
DA:73,4
DA:74,2
DA:75,2
DA:77,4
DA:78,4
DA:81,8
LF:46
LH:45
BRDA:4,0,0,8
BRDA:4,1,0,8
BRDA:13,2,0,7
BRDA:13,2,1,1
BRDA:15,3,0,1
BRDA:15,3,1,6
BRDA:32,4,0,0
BRDA:32,4,1,12
BRDA:46,5,0,9
BRDA:46,5,1,3
BRDA:47,6,0,2
BRDA:47,6,1,7
BRDA:49,7,0,2
BRDA:49,7,1,5
BRDA:50,8,0,2
BRDA:50,8,1,0
BRDA:57,9,0,1
BRDA:57,9,1,2
BRDA:73,10,0,2
BRDA:73,10,1,2
BRF:20
BRH:18
end_of_record
TN:
SF:src\app\hooks\useWebRTC.ts
FN:5,(anonymous_0)
FN:17,(anonymous_1)
FN:42,(anonymous_2)
FN:49,useWebRTC
FN:58,(anonymous_4)
FN:69,(anonymous_5)
FN:75,(anonymous_6)
FN:94,(anonymous_7)
FN:122,(anonymous_8)
FN:133,(anonymous_9)
FN:140,(anonymous_10)
FN:153,(anonymous_11)
FN:219,(anonymous_12)
FN:220,(anonymous_13)
FN:222,(anonymous_14)
FNF:15
FNH:7
FNDA:9,(anonymous_0)
FNDA:0,(anonymous_1)
FNDA:0,(anonymous_2)
FNDA:12,useWebRTC
FNDA:0,(anonymous_4)
FNDA:0,(anonymous_5)
FNDA:1,(anonymous_6)
FNDA:10,(anonymous_7)
FNDA:0,(anonymous_8)
FNDA:0,(anonymous_9)
FNDA:0,(anonymous_10)
FNDA:8,(anonymous_11)
FNDA:1,(anonymous_12)
FNDA:2,(anonymous_13)
FNDA:0,(anonymous_14)
DA:5,1
DA:6,9
DA:7,9
DA:8,9
DA:9,9
DA:11,9
DA:16,9
DA:17,0
DA:18,0
DA:24,9
DA:25,0
DA:38,9
DA:42,1
DA:43,0
DA:53,12
DA:54,12
DA:55,12
DA:58,12
DA:59,0
DA:60,0
DA:61,0
DA:62,0
DA:63,0
DA:65,0
DA:66,0
DA:67,0
DA:69,0
DA:70,0
DA:75,12
DA:76,1
DA:77,1
DA:78,1
DA:79,1
DA:82,1
DA:83,1
DA:84,0
DA:85,0
DA:86,0
DA:89,1
DA:93,12
DA:95,10
DA:96,10
DA:97,1
DA:100,9
DA:104,9
DA:105,9
DA:107,9
DA:108,9
DA:110,9
DA:112,9
DA:116,10
DA:118,10
DA:119,0
DA:122,9
DA:123,0
DA:124,0
DA:133,9
DA:134,0
DA:135,0
DA:136,0
DA:140,9
DA:141,0
DA:142,0
DA:146,9
DA:152,12
DA:154,8
DA:155,8
DA:157,8
DA:159,6
DA:160,6
DA:161,2
DA:162,2
DA:166,2
DA:167,2
DA:168,1
DA:170,2
DA:172,2
DA:173,2
DA:174,2
DA:175,0
DA:177,2
DA:178,2
DA:180,2
DA:186,4
DA:187,1
DA:188,1
DA:189,1
DA:193,1
DA:194,1
DA:195,0
DA:197,1
DA:199,3
DA:200,3
DA:201,3
DA:202,1
DA:204,2
DA:205,2
DA:206,2
DA:207,2
DA:209,2
DA:213,0
DA:219,12
DA:220,2
DA:221,1
DA:222,1
DA:223,0
DA:224,0
DA:226,1
DA:227,1
DA:230,12
LF:110
LH:80
BRDA:7,0,0,9
BRDA:7,0,1,9
BRDA:7,0,2,9
BRDA:8,1,0,9
BRDA:8,1,1,9
BRDA:8,1,2,9
BRDA:9,2,0,9
BRDA:9,2,1,0
BRDA:16,3,0,0
BRDA:16,3,1,9
BRDA:16,4,0,9
BRDA:16,4,1,0
BRDA:16,4,2,0
BRDA:24,5,0,0
BRDA:24,5,1,9
BRDA:24,6,0,9
BRDA:24,6,1,0
BRDA:60,7,0,0
BRDA:60,7,1,0
BRDA:77,8,0,1
BRDA:77,8,1,0
BRDA:83,9,0,0
BRDA:83,9,1,1
BRDA:96,10,0,1
BRDA:96,10,1,9
BRDA:112,11,0,0
BRDA:112,11,1,9
BRDA:112,12,0,9
BRDA:112,12,1,0
BRDA:114,13,0,9
BRDA:114,13,1,9
BRDA:116,14,0,0
BRDA:116,14,1,9
BRDA:116,15,0,10
BRDA:116,15,1,0
BRDA:116,16,0,9
BRDA:116,16,1,9
BRDA:118,17,0,0
BRDA:118,17,1,10
BRDA:118,18,0,10
BRDA:118,18,1,0
BRDA:123,19,0,0
BRDA:123,19,1,0
BRDA:135,20,0,0
BRDA:135,20,1,0
BRDA:141,21,0,0
BRDA:141,21,1,0
BRDA:141,22,0,0
BRDA:141,22,1,0
BRDA:157,23,0,2
BRDA:157,23,1,6
BRDA:157,24,0,8
BRDA:157,24,1,7
BRDA:160,25,0,2
BRDA:160,25,1,4
BRDA:166,26,0,2
BRDA:166,26,1,1
BRDA:174,27,0,0
BRDA:174,27,1,2
BRDA:174,28,0,2
BRDA:174,28,1,0
BRDA:186,29,0,1
BRDA:186,29,1,3
BRDA:188,30,0,1
BRDA:188,30,1,0
BRDA:193,31,0,1
BRDA:193,31,1,1
BRDA:199,32,0,3
BRDA:199,32,1,0
BRDA:201,33,0,1
BRDA:201,33,1,2
BRDA:201,34,0,3
BRDA:201,34,1,1
BRDA:205,35,0,2
BRDA:205,35,1,0
BRF:75
BRH:46
end_of_record
